10:40:22

school solution#User solution#result#Test name


while testing /SchoolTests/test411.sjava, Your program printed something that is not '1' or '0'.
The prints (or errors) were:
+FileCompiler: 
variables = null,
bracketsCount = [0, 0],
functionsList = null,
oldCurlyBracketCount = 0,
compileHelper = oop.ex6.main.Compiler.CompileHelper@383534aa
Code:
0:|    int a =               5;


while testing /SchoolTests/test454.sjava, Your program printed something that is not '1' or '0'.
The prints (or errors) were:
+my start is :1,my end is :4
************
void foo() {
a = 4;
return;
}
************

FileCompiler: 
variables = null,
bracketsCount = [0, 0],
functionsList = null,
oldCurlyBracketCount = 1,
compileHelper = oop.ex6.main.Compiler.CompileHelper@6bc168e5
Code:
0:|    final int a = 5;
1:|    void foo() {
2:|    a = 4;
3:|    return;
4:|    }


while testing /SchoolTests/test264.sjava, Your program printed something that is not '1' or '0'.
The prints (or errors) were:
+my start is :0,my end is :2
************
void foo(int a) {
return 8;
}
************

FileCompiler: 
variables = null,
bracketsCount = [0, 0],
functionsList = null,
oldCurlyBracketCount = 1,
compileHelper = oop.ex6.main.Compiler.CompileHelper@7b3300e5
Code:
0:|    void foo(int a) {
1:|    return 8;
2:|    }


while testing /SchoolTests/test221.sjava, Your program printed something that is not '1' or '0'.
The prints (or errors) were:
+my start is :0,my end is :3
************
void foo() {
String a;
return;
}
************

FileCompiler: 
variables = null,
bracketsCount = [0, 0],
functionsList = null,
oldCurlyBracketCount = 1,
compileHelper = oop.ex6.main.Compiler.CompileHelper@2e5c649
Code:
0:|    void foo() {
1:|    String a;
2:|    return;
3:|    }


while testing /SchoolTests/test469.sjava, Your program printed something that is not '1' or '0'.
The prints (or errors) were:
+my start is :0,my end is :2
************
void Ab() {
return;
}
************

FileCompiler: 
variables = null,
bracketsCount = [0, 0],
functionsList = null,
oldCurlyBracketCount = 1,
compileHelper = oop.ex6.main.Compiler.CompileHelper@136432db
Code:
0:|    void Ab() {
1:|    return;
2:|    }


while testing /SchoolTests/test301.sjava, Your program printed something that is not '1' or '0'.
The prints (or errors) were:
+my start is :0,my end is :5
************
void foo() {
boolean b = true;
if (b) {
}
my start is :2,my end is :3
************
if (b) {
}
************
return;
}
************

FileCompiler: 
variables = null,
bracketsCount = [0, 0],
functionsList = null,
oldCurlyBracketCount = 1,
compileHelper = oop.ex6.main.Compiler.CompileHelper@7382f612
Code:
0:|    void foo() {
1:|    boolean b = true;
2:|    if (b) {
3:|    }
4:|    return;
5:|    }


while testing /SchoolTests/test045.sjava, Your program printed something that is not '1' or '0'.
The prints (or errors) were:
+FileCompiler: 
variables = null,
bracketsCount = [0, 0],
functionsList = null,
oldCurlyBracketCount = 0,
compileHelper = oop.ex6.main.Compiler.CompileHelper@1055e4af
Code:
0:|    char a = 0.5;


while testing /SchoolTests/test238.sjava, Your program printed something that is not '1' or '0'.
The prints (or errors) were:
+my start is :0,my end is :3
************
void foo() {
final double a;
return;
}
************

FileCompiler: 
variables = null,
bracketsCount = [0, 0],
functionsList = null,
oldCurlyBracketCount = 1,
compileHelper = oop.ex6.main.Compiler.CompileHelper@3caeaf62
Code:
0:|    void foo() {
1:|    final double a;
2:|    return;
3:|    }


while testing /SchoolTests/test024.sjava, Your program printed something that is not '1' or '0'.
The prints (or errors) were:
+FileCompiler: 
variables = null,
bracketsCount = [0, 0],
functionsList = null,
oldCurlyBracketCount = 0,
compileHelper = oop.ex6.main.Compiler.CompileHelper@e6ea0c6
Code:
0:|    String a = 0.5;


while testing /SchoolTests/test061.sjava, Your program printed something that is not '1' or '0'.
The prints (or errors) were:
+FileCompiler: 
variables = null,
bracketsCount = [0, 0],
functionsList = null,
oldCurlyBracketCount = 0,
compileHelper = oop.ex6.main.Compiler.CompileHelper@6a38e57f
Code:
0:|    void a;


while testing /SchoolTests/test325.sjava, Your program printed something that is not '1' or '0'.
The prints (or errors) were:
+my start is :0,my end is :5
************
void foo() {
boolean b = true;
if (b || false) {
}
my start is :2,my end is :3
************
if (b || false) {
}
************
return;
}
************

FileCompiler: 
variables = null,
bracketsCount = [0, 0],
functionsList = null,
oldCurlyBracketCount = 1,
compileHelper = oop.ex6.main.Compiler.CompileHelper@5577140b
Code:
0:|    void foo() {
1:|    boolean b = true;
2:|    if (b || false) {
3:|    }
4:|    return;
5:|    }


while testing /SchoolTests/test408.sjava, Your program printed something that is not '1' or '0'.
The prints (or errors) were:
+my start is :0,my end is :4
************
void foo() {
int a;
int a;
return;
}
************

FileCompiler: 
variables = null,
bracketsCount = [0, 0],
functionsList = null,
oldCurlyBracketCount = 1,
compileHelper = oop.ex6.main.Compiler.CompileHelper@1c6b6478
Code:
0:|    void foo() {
1:|    int a;
2:|    int a;
3:|    return;
4:|    }


while testing /SchoolTests/test435.sjava, Your program printed something that is not '1' or '0'.
The prints (or errors) were:
+java.lang.Exception: bad code syntax in line 1
	at oop.ex6.main.Compiler.FileCompiler.validateLine(FileCompiler.java:70)
	at oop.ex6.main.Compiler.FileCompiler.initiateCompiler(FileCompiler.java:90)
	at oop.ex6.main.Compiler.FileCompiler.<init>(FileCompiler.java:52)
	at oop.ex6.main.Sjavac.main(Sjavac.java:26)
	at Tester_ex6_oop.runTestWithOnUser(Tester_ex6_oop.java:279)
	at Tester_ex6_oop.doOneTest(Tester_ex6_oop.java:184)
	at Tester_ex6_oop.runAllTests(Tester_ex6_oop.java:78)
	at sun.reflect.NativeMethodAccessorImpl.invoke0(Native Method)
	at sun.reflect.NativeMethodAccessorImpl.invoke(NativeMethodAccessorImpl.java:62)
	at sun.reflect.DelegatingMethodAccessorImpl.invoke(DelegatingMethodAccessorImpl.java:43)
	at java.lang.reflect.Method.invoke(Method.java:497)
	at org.junit.runners.model.FrameworkMethod$1.runReflectiveCall(FrameworkMethod.java:50)
	at org.junit.internal.runners.model.ReflectiveCallable.run(ReflectiveCallable.java:12)
	at org.junit.runners.model.FrameworkMethod.invokeExplosively(FrameworkMethod.java:47)
	at org.junit.internal.runners.statements.InvokeMethod.evaluate(InvokeMethod.java:17)
	at org.junit.runners.ParentRunner.runLeaf(ParentRunner.java:325)
	at org.junit.runners.BlockJUnit4ClassRunner.runChild(BlockJUnit4ClassRunner.java:78)
	at org.junit.runners.BlockJUnit4ClassRunner.runChild(BlockJUnit4ClassRunner.java:57)
	at org.junit.runners.ParentRunner$3.run(ParentRunner.java:290)
	at org.junit.runners.ParentRunner$1.schedule(ParentRunner.java:71)
	at org.junit.runners.ParentRunner.runChildren(ParentRunner.java:288)
	at org.junit.runners.ParentRunner.access$000(ParentRunner.java:58)
	at org.junit.runners.ParentRunner$2.evaluate(ParentRunner.java:268)
	at org.junit.runners.ParentRunner.run(ParentRunner.java:363)
	at org.junit.runner.JUnitCore.run(JUnitCore.java:137)
	at com.intellij.junit4.JUnit4IdeaTestRunner.startRunnerWithArgs(JUnit4IdeaTestRunner.java:68)
	at com.intellij.rt.execution.junit.IdeaTestRunner$Repeater.startRunnerWithArgs(IdeaTestRunner.java:47)
	at com.intellij.rt.execution.junit.JUnitStarter.prepareStreamsAndStart(JUnitStarter.java:242)
	at com.intellij.rt.execution.junit.JUnitStarter.main(JUnitStarter.java:70)


while testing /SchoolTests/test470.sjava, Your program printed something that is not '1' or '0'.
The prints (or errors) were:
+my start is :0,my end is :2
************
void _b() {
return;
}
************

FileCompiler: 
variables = null,
bracketsCount = [0, 0],
functionsList = null,
oldCurlyBracketCount = 1,
compileHelper = oop.ex6.main.Compiler.CompileHelper@4ac68d3e
Code:
0:|    void _b() {
1:|    return;
2:|    }


while testing /SchoolTests/test019.sjava, Your program printed something that is not '1' or '0'.
The prints (or errors) were:
+FileCompiler: 
variables = null,
bracketsCount = [0, 0],
functionsList = null,
oldCurlyBracketCount = 0,
compileHelper = oop.ex6.main.Compiler.CompileHelper@277c0f21
Code:
0:|    final boolean a = true;


while testing /SchoolTests/test104.sjava, Your program printed something that is not '1' or '0'.
The prints (or errors) were:
+java.lang.Exception: bad code syntax in line 0
	at oop.ex6.main.Compiler.FileCompiler.validateLine(FileCompiler.java:70)
	at oop.ex6.main.Compiler.FileCompiler.initiateCompiler(FileCompiler.java:90)
	at oop.ex6.main.Compiler.FileCompiler.<init>(FileCompiler.java:52)
	at oop.ex6.main.Sjavac.main(Sjavac.java:26)
	at Tester_ex6_oop.runTestWithOnUser(Tester_ex6_oop.java:279)
	at Tester_ex6_oop.doOneTest(Tester_ex6_oop.java:184)
	at Tester_ex6_oop.runAllTests(Tester_ex6_oop.java:78)
	at sun.reflect.NativeMethodAccessorImpl.invoke0(Native Method)
	at sun.reflect.NativeMethodAccessorImpl.invoke(NativeMethodAccessorImpl.java:62)
	at sun.reflect.DelegatingMethodAccessorImpl.invoke(DelegatingMethodAccessorImpl.java:43)
	at java.lang.reflect.Method.invoke(Method.java:497)
	at org.junit.runners.model.FrameworkMethod$1.runReflectiveCall(FrameworkMethod.java:50)
	at org.junit.internal.runners.model.ReflectiveCallable.run(ReflectiveCallable.java:12)
	at org.junit.runners.model.FrameworkMethod.invokeExplosively(FrameworkMethod.java:47)
	at org.junit.internal.runners.statements.InvokeMethod.evaluate(InvokeMethod.java:17)
	at org.junit.runners.ParentRunner.runLeaf(ParentRunner.java:325)
	at org.junit.runners.BlockJUnit4ClassRunner.runChild(BlockJUnit4ClassRunner.java:78)
	at org.junit.runners.BlockJUnit4ClassRunner.runChild(BlockJUnit4ClassRunner.java:57)
	at org.junit.runners.ParentRunner$3.run(ParentRunner.java:290)
	at org.junit.runners.ParentRunner$1.schedule(ParentRunner.java:71)
	at org.junit.runners.ParentRunner.runChildren(ParentRunner.java:288)
	at org.junit.runners.ParentRunner.access$000(ParentRunner.java:58)
	at org.junit.runners.ParentRunner$2.evaluate(ParentRunner.java:268)
	at org.junit.runners.ParentRunner.run(ParentRunner.java:363)
	at org.junit.runner.JUnitCore.run(JUnitCore.java:137)
	at com.intellij.junit4.JUnit4IdeaTestRunner.startRunnerWithArgs(JUnit4IdeaTestRunner.java:68)
	at com.intellij.rt.execution.junit.IdeaTestRunner$Repeater.startRunnerWithArgs(IdeaTestRunner.java:47)
	at com.intellij.rt.execution.junit.JUnitStarter.prepareStreamsAndStart(JUnitStarter.java:242)
	at com.intellij.rt.execution.junit.JUnitStarter.main(JUnitStarter.java:70)


while testing /SchoolTests/test205.sjava, Your program printed something that is not '1' or '0'.
The prints (or errors) were:
+java.lang.Exception: bad code syntax in line 1
	at oop.ex6.main.Compiler.FileCompiler.validateLine(FileCompiler.java:70)
	at oop.ex6.main.Compiler.FileCompiler.initiateCompiler(FileCompiler.java:90)
	at oop.ex6.main.Compiler.FileCompiler.<init>(FileCompiler.java:52)
	at oop.ex6.main.Sjavac.main(Sjavac.java:26)
	at Tester_ex6_oop.runTestWithOnUser(Tester_ex6_oop.java:279)
	at Tester_ex6_oop.doOneTest(Tester_ex6_oop.java:184)
	at Tester_ex6_oop.runAllTests(Tester_ex6_oop.java:78)
	at sun.reflect.NativeMethodAccessorImpl.invoke0(Native Method)
	at sun.reflect.NativeMethodAccessorImpl.invoke(NativeMethodAccessorImpl.java:62)
	at sun.reflect.DelegatingMethodAccessorImpl.invoke(DelegatingMethodAccessorImpl.java:43)
	at java.lang.reflect.Method.invoke(Method.java:497)
	at org.junit.runners.model.FrameworkMethod$1.runReflectiveCall(FrameworkMethod.java:50)
	at org.junit.internal.runners.model.ReflectiveCallable.run(ReflectiveCallable.java:12)
	at org.junit.runners.model.FrameworkMethod.invokeExplosively(FrameworkMethod.java:47)
	at org.junit.internal.runners.statements.InvokeMethod.evaluate(InvokeMethod.java:17)
	at org.junit.runners.ParentRunner.runLeaf(ParentRunner.java:325)
	at org.junit.runners.BlockJUnit4ClassRunner.runChild(BlockJUnit4ClassRunner.java:78)
	at org.junit.runners.BlockJUnit4ClassRunner.runChild(BlockJUnit4ClassRunner.java:57)
	at org.junit.runners.ParentRunner$3.run(ParentRunner.java:290)
	at org.junit.runners.ParentRunner$1.schedule(ParentRunner.java:71)
	at org.junit.runners.ParentRunner.runChildren(ParentRunner.java:288)
	at org.junit.runners.ParentRunner.access$000(ParentRunner.java:58)
	at org.junit.runners.ParentRunner$2.evaluate(ParentRunner.java:268)
	at org.junit.runners.ParentRunner.run(ParentRunner.java:363)
	at org.junit.runner.JUnitCore.run(JUnitCore.java:137)
	at com.intellij.junit4.JUnit4IdeaTestRunner.startRunnerWithArgs(JUnit4IdeaTestRunner.java:68)
	at com.intellij.rt.execution.junit.IdeaTestRunner$Repeater.startRunnerWithArgs(IdeaTestRunner.java:47)
	at com.intellij.rt.execution.junit.JUnitStarter.prepareStreamsAndStart(JUnitStarter.java:242)
	at com.intellij.rt.execution.junit.JUnitStarter.main(JUnitStarter.java:70)


while testing /SchoolTests/test437.sjava, Your program printed something that is not '1' or '0'.
The prints (or errors) were:
+java.lang.Exception: bad code syntax in line 1
	at oop.ex6.main.Compiler.FileCompiler.validateLine(FileCompiler.java:70)
	at oop.ex6.main.Compiler.FileCompiler.initiateCompiler(FileCompiler.java:90)
	at oop.ex6.main.Compiler.FileCompiler.<init>(FileCompiler.java:52)
	at oop.ex6.main.Sjavac.main(Sjavac.java:26)
	at Tester_ex6_oop.runTestWithOnUser(Tester_ex6_oop.java:279)
	at Tester_ex6_oop.doOneTest(Tester_ex6_oop.java:184)
	at Tester_ex6_oop.runAllTests(Tester_ex6_oop.java:78)
	at sun.reflect.NativeMethodAccessorImpl.invoke0(Native Method)
	at sun.reflect.NativeMethodAccessorImpl.invoke(NativeMethodAccessorImpl.java:62)
	at sun.reflect.DelegatingMethodAccessorImpl.invoke(DelegatingMethodAccessorImpl.java:43)
	at java.lang.reflect.Method.invoke(Method.java:497)
	at org.junit.runners.model.FrameworkMethod$1.runReflectiveCall(FrameworkMethod.java:50)
	at org.junit.internal.runners.model.ReflectiveCallable.run(ReflectiveCallable.java:12)
	at org.junit.runners.model.FrameworkMethod.invokeExplosively(FrameworkMethod.java:47)
	at org.junit.internal.runners.statements.InvokeMethod.evaluate(InvokeMethod.java:17)
	at org.junit.runners.ParentRunner.runLeaf(ParentRunner.java:325)
	at org.junit.runners.BlockJUnit4ClassRunner.runChild(BlockJUnit4ClassRunner.java:78)
	at org.junit.runners.BlockJUnit4ClassRunner.runChild(BlockJUnit4ClassRunner.java:57)
	at org.junit.runners.ParentRunner$3.run(ParentRunner.java:290)
	at org.junit.runners.ParentRunner$1.schedule(ParentRunner.java:71)
	at org.junit.runners.ParentRunner.runChildren(ParentRunner.java:288)
	at org.junit.runners.ParentRunner.access$000(ParentRunner.java:58)
	at org.junit.runners.ParentRunner$2.evaluate(ParentRunner.java:268)
	at org.junit.runners.ParentRunner.run(ParentRunner.java:363)
	at org.junit.runner.JUnitCore.run(JUnitCore.java:137)
	at com.intellij.junit4.JUnit4IdeaTestRunner.startRunnerWithArgs(JUnit4IdeaTestRunner.java:68)
	at com.intellij.rt.execution.junit.IdeaTestRunner$Repeater.startRunnerWithArgs(IdeaTestRunner.java:47)
	at com.intellij.rt.execution.junit.JUnitStarter.prepareStreamsAndStart(JUnitStarter.java:242)
	at com.intellij.rt.execution.junit.JUnitStarter.main(JUnitStarter.java:70)


while testing /SchoolTests/test472.sjava, Your program printed something that is not '1' or '0'.
The prints (or errors) were:
+my start is :1,my end is :3
************
void a() {
return;
}
************

FileCompiler: 
variables = null,
bracketsCount = [0, 0],
functionsList = null,
oldCurlyBracketCount = 1,
compileHelper = oop.ex6.main.Compiler.CompileHelper@7a46a697
Code:
0:|    int a;
1:|    void a() {
2:|    return;
3:|    }


while testing /SchoolTests/test242.sjava, Your program printed something that is not '1' or '0'.
The prints (or errors) were:
+my start is :0,my end is :3
************
void foo() {
char a = 'a';
return;
}
************

FileCompiler: 
variables = null,
bracketsCount = [0, 0],
functionsList = null,
oldCurlyBracketCount = 1,
compileHelper = oop.ex6.main.Compiler.CompileHelper@5f205aa
Code:
0:|    void foo() {
1:|    char a = 'a';
2:|    return;
3:|    }


while testing /SchoolTests/test207.sjava, Your program printed something that is not '1' or '0'.
The prints (or errors) were:
+my start is :0,my end is :3
************
void foo() {
int a = hhh;
return;
}
************

FileCompiler: 
variables = null,
bracketsCount = [0, 0],
functionsList = null,
oldCurlyBracketCount = 1,
compileHelper = oop.ex6.main.Compiler.CompileHelper@6d86b085
Code:
0:|    void foo() {
1:|    int a = hhh;
2:|    return;
3:|    }


while testing /SchoolTests/test106.sjava, Your program printed something that is not '1' or '0'.
The prints (or errors) were:
+my start is :0,my end is :2
************
void foo() {
return;
}
************

FileCompiler: 
variables = null,
bracketsCount = [0, 0],
functionsList = null,
oldCurlyBracketCount = 1,
compileHelper = oop.ex6.main.Compiler.CompileHelper@75828a0f
Code:
0:|    void foo() {
1:|    return;
2:|    }


while testing /SchoolTests/test327.sjava, Your program printed something that is not '1' or '0'.
The prints (or errors) were:
+my start is :0,my end is :6
************
void foo() {
boolean a = true;
int b = 1;
while (a || b) {
}
my start is :3,my end is :4
************
while (a || b) {
}
************
return;
}
************

FileCompiler: 
variables = null,
bracketsCount = [0, 0],
functionsList = null,
oldCurlyBracketCount = 1,
compileHelper = oop.ex6.main.Compiler.CompileHelper@3abfe836
Code:
0:|    void foo() {
1:|    boolean a = true;
2:|    int b = 1;
3:|    while (a || b) {
4:|    }
5:|    return;
6:|    }


while testing /SchoolTests/test026.sjava, Your program printed something that is not '1' or '0'.
The prints (or errors) were:
+FileCompiler: 
variables = null,
bracketsCount = [0, 0],
functionsList = null,
oldCurlyBracketCount = 0,
compileHelper = oop.ex6.main.Compiler.CompileHelper@2ff5659e
Code:
0:|    final String a;


while testing /SchoolTests/test063.sjava, Your program printed something that is not '1' or '0'.
The prints (or errors) were:
+FileCompiler: 
variables = null,
bracketsCount = [0, 0],
functionsList = null,
oldCurlyBracketCount = 0,
compileHelper = oop.ex6.main.Compiler.CompileHelper@77afea7d
Code:
0:|    void a = 0.55;


while testing /SchoolTests/test002.sjava, Your program printed something that is not '1' or '0'.
The prints (or errors) were:
+FileCompiler: 
variables = null,
bracketsCount = [0, 0],
functionsList = null,
oldCurlyBracketCount = 0,
compileHelper = oop.ex6.main.Compiler.CompileHelper@161cd475
Code:
0:|    int a = 5;


while testing /SchoolTests/test047.sjava, Your program printed something that is not '1' or '0'.
The prints (or errors) were:
+FileCompiler: 
variables = null,
bracketsCount = [0, 0],
functionsList = null,
oldCurlyBracketCount = 0,
compileHelper = oop.ex6.main.Compiler.CompileHelper@532760d8
Code:
0:|    char a = 'hhh';


while testing /SchoolTests/test303.sjava, Your program printed something that is not '1' or '0'.
The prints (or errors) were:
+my start is :0,my end is :4
************
void foo() {
if (false) {
}
my start is :1,my end is :2
************
if (false) {
}
************
return;
}
************

FileCompiler: 
variables = null,
bracketsCount = [0, 0],
functionsList = null,
oldCurlyBracketCount = 1,
compileHelper = oop.ex6.main.Compiler.CompileHelper@57fa26b7
Code:
0:|    void foo() {
1:|    if (false) {
2:|    }
3:|    return;
4:|    }

